<?xml version="1.0" encoding="UTF-8"?>
<testng-results skipped="0" failed="0" ignored="0" total="1" passed="1">
  <reporter-output>
  </reporter-output>
  <suite name="Default suite" duration-ms="103035" started-at="2021-07-12T13:52:52Z" finished-at="2021-07-12T13:54:35Z">
    <groups>
    </groups>
    <test name="Default test" duration-ms="103035" started-at="2021-07-12T13:52:52Z" finished-at="2021-07-12T13:54:35Z">
      <class name="net.ssqa.testcase.RegisrationPageTests">
        <test-method status="PASS" signature="setUp()[pri:0, instance:net.ssqa.testcase.RegisrationPageTests@6d2a209c]" name="setUp" is-config="true" duration-ms="31956" started-at="2021-07-12T13:52:52Z" finished-at="2021-07-12T13:53:24Z">
          <reporter-output>
          </reporter-output>
        </test-method> <!-- setUp -->
        <test-method status="PASS" signature="testUserRegistration()[pri:0, instance:net.ssqa.testcase.RegisrationPageTests@6d2a209c]" name="testUserRegistration" duration-ms="71059" started-at="2021-07-12T13:53:24Z" finished-at="2021-07-12T13:54:35Z">
          <reporter-output>
          </reporter-output>
        </test-method> <!-- testUserRegistration -->
        <test-method status="PASS" signature="tearDown()[pri:0, instance:net.ssqa.testcase.RegisrationPageTests@6d2a209c]" name="tearDown" is-config="true" duration-ms="0" started-at="2021-07-12T13:54:35Z" finished-at="2021-07-12T13:54:35Z">
          <reporter-output>
          </reporter-output>
        </test-method> <!-- tearDown -->
      </class> <!-- net.ssqa.testcase.RegisrationPageTests -->
    </test> <!-- Default test -->
  </suite> <!-- Default suite -->
</testng-results>
